<?xml version="1.0" encoding="UTF-8"?>
<!-- Generated by org.testng.reporters.JUnitReportReporter -->
<testsuite hostname="Laptop-60" failures="0" tests="1" name="demodesign.UITest1" time="27.162" errors="0" timestamp="2024-03-31T14:29:04 IST" skipped="0">
  <testcase classname="demodesign.UITest1" name="startbrowser" time="27.162"/>
  <system-out/>
</testsuite> <!-- demodesign.UITest1 -->
